<?xml version="1.0" encoding="UTF-8"?>
<testsuite xmlns:xsi="http://www.w3.org/2001/XMLSchema-instance" xsi:noNamespaceSchemaLocation="https://maven.apache.org/surefire/maven-surefire-plugin/xsd/surefire-test-report.xsd" name="TestSuite" time="0.872" tests="1" errors="0" skipped="0" failures="0">
  <properties>
    <property name="surefire.suiteXmlFiles" value="Sanity.xml"/>
    <property name="java.specification.version" value="13"/>
    <property name="sun.cpu.isalist" value="amd64"/>
    <property name="sun.jnu.encoding" value="Cp1252"/>
    <property name="java.class.path" value="C:\Users\iot\IdeaProjects\JenkinsGroupTestCases\target\test-classes;C:\Users\iot\IdeaProjects\JenkinsGroupTestCases\target\classes;C:\Users\iot\.m2\repository\junit\junit\4.11\junit-4.11.jar;C:\Users\iot\.m2\repository\org\hamcrest\hamcrest-core\1.3\hamcrest-core-1.3.jar;C:\Users\iot\.m2\repository\org\testng\testng\7.3.0\testng-7.3.0.jar;C:\Users\iot\.m2\repository\com\beust\jcommander\1.78\jcommander-1.78.jar;C:\Users\iot\.m2\repository\org\apache\ant\ant\1.10.3\ant-1.10.3.jar;C:\Users\iot\.m2\repository\org\apache\ant\ant-launcher\1.10.3\ant-launcher-1.10.3.jar;C:\Users\iot\.m2\repository\com\google\inject\guice\4.2.2\guice-4.2.2-no_aop.jar;C:\Users\iot\.m2\repository\javax\inject\javax.inject\1\javax.inject-1.jar;C:\Users\iot\.m2\repository\aopalliance\aopalliance\1.0\aopalliance-1.0.jar;C:\Users\iot\.m2\repository\com\google\guava\guava\25.1-android\guava-25.1-android.jar;C:\Users\iot\.m2\repository\com\google\code\findbugs\jsr305\3.0.2\jsr305-3.0.2.jar;C:\Users\iot\.m2\repository\org\checkerframework\checker-compat-qual\2.0.0\checker-compat-qual-2.0.0.jar;C:\Users\iot\.m2\repository\com\google\errorprone\error_prone_annotations\2.1.3\error_prone_annotations-2.1.3.jar;C:\Users\iot\.m2\repository\com\google\j2objc\j2objc-annotations\1.1\j2objc-annotations-1.1.jar;C:\Users\iot\.m2\repository\org\codehaus\mojo\animal-sniffer-annotations\1.14\animal-sniffer-annotations-1.14.jar;C:\Users\iot\.m2\repository\org\yaml\snakeyaml\1.21\snakeyaml-1.21.jar;"/>
    <property name="java.vm.vendor" value="Oracle Corporation"/>
    <property name="sun.arch.data.model" value="64"/>
    <property name="user.variant" value=""/>
    <property name="java.vendor.url" value="https://java.oracle.com/"/>
    <property name="user.timezone" value="America/Chicago"/>
    <property name="os.name" value="Windows 10"/>
    <property name="java.vm.specification.version" value="13"/>
    <property name="sun.java.launcher" value="SUN_STANDARD"/>
    <property name="user.country" value="US"/>
    <property name="sun.boot.library.path" value="C:\Program Files\Java\jdk-13.0.2\bin"/>
    <property name="sun.java.command" value="C:\Users\iot\AppData\Local\Temp\surefire18391901755898047085\surefirebooter16533869589735697011.jar C:\Users\iot\AppData\Local\Temp\surefire18391901755898047085 2020-09-03T14-13-26_464-jvmRun1 surefire17517484232658194702tmp surefire_014235166182130096475tmp"/>
    <property name="jdk.debug" value="release"/>
    <property name="surefire.test.class.path" value="C:\Users\iot\IdeaProjects\JenkinsGroupTestCases\target\test-classes;C:\Users\iot\IdeaProjects\JenkinsGroupTestCases\target\classes;C:\Users\iot\.m2\repository\junit\junit\4.11\junit-4.11.jar;C:\Users\iot\.m2\repository\org\hamcrest\hamcrest-core\1.3\hamcrest-core-1.3.jar;C:\Users\iot\.m2\repository\org\testng\testng\7.3.0\testng-7.3.0.jar;C:\Users\iot\.m2\repository\com\beust\jcommander\1.78\jcommander-1.78.jar;C:\Users\iot\.m2\repository\org\apache\ant\ant\1.10.3\ant-1.10.3.jar;C:\Users\iot\.m2\repository\org\apache\ant\ant-launcher\1.10.3\ant-launcher-1.10.3.jar;C:\Users\iot\.m2\repository\com\google\inject\guice\4.2.2\guice-4.2.2-no_aop.jar;C:\Users\iot\.m2\repository\javax\inject\javax.inject\1\javax.inject-1.jar;C:\Users\iot\.m2\repository\aopalliance\aopalliance\1.0\aopalliance-1.0.jar;C:\Users\iot\.m2\repository\com\google\guava\guava\25.1-android\guava-25.1-android.jar;C:\Users\iot\.m2\repository\com\google\code\findbugs\jsr305\3.0.2\jsr305-3.0.2.jar;C:\Users\iot\.m2\repository\org\checkerframework\checker-compat-qual\2.0.0\checker-compat-qual-2.0.0.jar;C:\Users\iot\.m2\repository\com\google\errorprone\error_prone_annotations\2.1.3\error_prone_annotations-2.1.3.jar;C:\Users\iot\.m2\repository\com\google\j2objc\j2objc-annotations\1.1\j2objc-annotations-1.1.jar;C:\Users\iot\.m2\repository\org\codehaus\mojo\animal-sniffer-annotations\1.14\animal-sniffer-annotations-1.14.jar;C:\Users\iot\.m2\repository\org\yaml\snakeyaml\1.21\snakeyaml-1.21.jar;"/>
    <property name="sun.cpu.endian" value="little"/>
    <property name="user.home" value="C:\Users\iot"/>
    <property name="user.language" value="en"/>
    <property name="java.specification.vendor" value="Oracle Corporation"/>
    <property name="java.version.date" value="2020-01-14"/>
    <property name="java.home" value="C:\Program Files\Java\jdk-13.0.2"/>
    <property name="file.separator" value="\"/>
    <property name="basedir" value="C:\Users\iot\IdeaProjects\JenkinsGroupTestCases"/>
    <property name="java.vm.compressedOopsMode" value="Zero based"/>
    <property name="line.separator" value="&#10;"/>
    <property name="java.vm.specification.vendor" value="Oracle Corporation"/>
    <property name="java.specification.name" value="Java Platform API Specification"/>
    <property name="surefire.real.class.path" value="C:\Users\iot\AppData\Local\Temp\surefire18391901755898047085\surefirebooter16533869589735697011.jar"/>
    <property name="user.script" value=""/>
    <property name="sun.management.compiler" value="HotSpot 64-Bit Tiered Compilers"/>
    <property name="java.runtime.version" value="13.0.2+8"/>
    <property name="user.name" value="wp-sutra-lp-12"/>
    <property name="path.separator" value=";"/>
    <property name="os.version" value="10.0"/>
    <property name="java.runtime.name" value="Java(TM) SE Runtime Environment"/>
    <property name="file.encoding" value="Cp1252"/>
    <property name="java.vm.name" value="Java HotSpot(TM) 64-Bit Server VM"/>
    <property name="localRepository" value="C:\Users\iot\.m2\repository"/>
    <property name="java.vendor.url.bug" value="https://bugreport.java.com/bugreport/"/>
    <property name="java.io.tmpdir" value="C:\Users\iot\AppData\Local\Temp\"/>
    <property name="java.version" value="13.0.2"/>
    <property name="user.dir" value="C:\Users\iot\IdeaProjects\JenkinsGroupTestCases"/>
    <property name="os.arch" value="amd64"/>
    <property name="java.vm.specification.name" value="Java Virtual Machine Specification"/>
    <property name="sun.os.patch.level" value=""/>
    <property name="java.library.path" value="C:\Program Files\Java\jdk-13.0.2\bin;C:\windows\Sun\Java\bin;C:\windows\system32;C:\windows;C:\windows\system32;C:\windows;C:\windows\System32\Wbem;C:\windows\System32\WindowsPowerShell\v1.0\;C:\windows\System32\OpenSSH\;C:\Program Files\Microsoft SQL Server\Client SDK\ODBC\170\Tools\Binn\;C:\Program Files (x86)\Microsoft SQL Server\150\Tools\Binn\;C:\Program Files\Microsoft SQL Server\150\Tools\Binn\;C:\Program Files\Microsoft SQL Server\150\DTS\Binn\;C:\Program Files (x86)\Microsoft SQL Server\150\DTS\Binn\;C:\Program Files\Git\cmd;C:\Program Files\nodejs\;C:\Program Files\dotnet\;C:\Program Files\Microsoft SQL Server\130\Tools\Binn\;C:\apache-maven-3.6.3\bin;C:\Program Files\Java\jdk-13.0.2\bin;C:\Program Files\Microsoft\Web Platform Installer\;C:\Program Files\Microsoft VS Code\bin;C:\Program Files\nodejs\npm;C:\Users\iot\AppData\Local\Android\Sdk\platform-tools;C:\Users\iot\AppData\Local\Android\Sdk\platforms;C:\Users\iot\AppData\Local\Android\Sdk\emulator;C:\Users\iot\AppData\Local\Android\Sdk\emulator\bin64;C:\Program Files\PuTTY\;C:\Program Files\Kubernetes\Minikube;C:\Users\iot\AppData\Local\Microsoft\WindowsApps;C:\Users\iot\AppData\Roaming\npm;C:\Users\iot\.dotnet\tools;C:\Users\iot\AppData\Local\Programs\Azure Data Studio\bin;C:\Program Files\Docker Toolbox;C:\Kubernetics;;."/>
    <property name="java.vm.info" value="mixed mode, sharing"/>
    <property name="java.vendor" value="Oracle Corporation"/>
    <property name="java.vm.version" value="13.0.2+8"/>
    <property name="sun.io.unicode.encoding" value="UnicodeLittle"/>
    <property name="java.class.version" value="57.0"/>
  </properties>
  <testcase name="s1" classname="Sanity.Sanity" time="0.005"/>
</testsuite>