<?xml version="1.0" encoding="UTF-8"?>
<!-- Generated by org.testng.reporters.JUnitReportReporter -->
<testsuite hostname="LAPTOP-TGU7K7LG" failures="0" tests="1" name="Sanity.Sanity" time="0.004" errors="0" timestamp="2020-09-03T04:48:05 CDT" skipped="0">
  <testcase classname="Sanity.Sanity" name="r1" time="0.004"/>
  <system-out/>
</testsuite> <!-- Sanity.Sanity -->
