<?xml version="1.0" encoding="UTF-8"?>
<!-- Generated by org.testng.reporters.JUnitReportReporter -->
<testsuite hostname="LAPTOP-TGU7K7LG" failures="0" tests="1" name="Sanity.Sanity" time="0.005" errors="0" timestamp="2020-09-03T14:13:28 CDT" skipped="0">
  <testcase classname="Sanity.Sanity" name="s1" time="0.005"/>
  <system-out/>
</testsuite> <!-- Sanity.Sanity -->
